[debug] [2019-08-10T23:40:15.703Z] ----------------------------------------------------------------------
[debug] [2019-08-10T23:40:15.709Z] Command:       C:\Program Files\nodejs\node.exe C:\Users\Dawood Aijaz\AppData\Roaming\npm\node_modules\firebase-tools\lib\bin\firebase.js deploy --project joosten-ca26a
[debug] [2019-08-10T23:40:15.709Z] CLI Version:   6.3.1
[debug] [2019-08-10T23:40:15.709Z] Platform:      win32
[debug] [2019-08-10T23:40:15.709Z] Node Version:  v10.16.1
[debug] [2019-08-10T23:40:15.711Z] Time:          Sun Aug 11 2019 04:40:15 GMT+0500 (Pakistan Standard Time)
[debug] [2019-08-10T23:40:15.711Z] ----------------------------------------------------------------------
[debug] 
[debug] [2019-08-10T23:40:15.735Z] > command requires scopes: ["email","openid","https://www.googleapis.com/auth/cloudplatformprojects.readonly","https://www.googleapis.com/auth/firebase","https://www.googleapis.com/auth/cloud-platform"]
[debug] [2019-08-10T23:40:15.737Z] > authorizing via signed-in user
[debug] [2019-08-10T23:40:15.737Z] [iam] checking project joosten-ca26a for permissions ["firebase.projects.get","firebasehosting.sites.update"]
[debug] [2019-08-10T23:40:15.741Z] >>> HTTP REQUEST POST https://cloudresourcemanager.googleapis.com/v1/projects/joosten-ca26a:testIamPermissions  

[debug] [2019-08-10T23:40:18.366Z] <<< HTTP RESPONSE 200
[debug] [2019-08-10T23:40:18.370Z] >>> HTTP REQUEST GET https://firebase.googleapis.com/v1beta1/projects/joosten-ca26a  
 
[debug] [2019-08-10T23:40:19.626Z] <<< HTTP RESPONSE 200
[info] 
[info] === Deploying to 'joosten-ca26a'...
[info] 
[info] i  deploying hosting
[debug] [2019-08-10T23:40:19.633Z] >>> HTTP REQUEST POST https://firebasehosting.googleapis.com/v1beta1/sites/joosten-ca26a/versions  

[debug] [2019-08-10T23:40:22.695Z] <<< HTTP RESPONSE 200
[info] i  hosting[joosten-ca26a]: beginning deploy...
[info] i  hosting[joosten-ca26a]: found 198 files in public
[debug] [2019-08-10T23:40:22.767Z] [hosting] hash cache [cHVibGlj] load error: lines is not defined
[debug] [2019-08-10T23:40:23.338Z] [hosting] hash cache [cHVibGlj] stored for 198 files
[debug] [2019-08-10T23:40:23.339Z] [hosting][hash queue][FINAL]
[debug] [2019-08-10T23:40:23.339Z] >>> HTTP REQUEST POST https://firebasehosting.googleapis.com/v1beta1/sites/joosten-ca26a/versions/be357618af0be27d:populateFiles  
 <request body omitted>
[debug] [2019-08-10T23:40:27.477Z] <<< HTTP RESPONSE 200
[debug] [2019-08-10T23:40:27.477Z] [hosting][populate queue][FINAL]
[debug] [2019-08-10T23:40:27.477Z] [hosting] uploads queued: 0
[debug] [2019-08-10T23:40:27.477Z] [hosting][upload queue][FINAL]
[info] +  hosting[joosten-ca26a]: file upload complete
[debug] [2019-08-10T23:40:27.479Z] [hosting] deploy completed after 4782ms
[debug] [2019-08-10T23:40:28.355Z] [
  {
    "config": {
      "public": "public",
      "ignore": [
        "firebase.json",
        "**/.*",
        "**/node_modules/**"
      ],
      "site": "joosten-ca26a"
    },
    "site": "joosten-ca26a",
    "version": "sites/joosten-ca26a/versions/be357618af0be27d"
  }
]
[info] i  hosting[joosten-ca26a]: finalizing version...
[debug] [2019-08-10T23:40:28.356Z] >>> HTTP REQUEST PATCH https://firebasehosting.googleapis.com/v1beta1/sites/joosten-ca26a/versions/be357618af0be27d?updateMask=status  

